<?xml version="1.0" encoding="UTF-8"?>
<!-- Generated by org.testng.reporters.JUnitXMLReporter -->
<testsuite ignored="0" hostname="saran" failures="0" tests="3" name="submitOrder" time="107.275" errors="0" timestamp="2024-01-16T06:54:51 IST">
  <testcase classname="SFD.Test.SubmitOrderTest" name="sumbitOrderTest" time="17.562"/>
  <testcase classname="SFD.Test.SubmitOrderTest" name="sumbitOrderTest" time="9.064"/>
  <testcase classname="SFD.Test.SubmitOrderTest" name="OrderHistoryTest" time="1.776"/>
</testsuite> <!-- submitOrder -->
